2025-02-11 21:57:00 | WARN | repo=arquillian-phantom-driver | action=commit
2025-08-19 08:22:00 | WARN | repo=arquillian-phantom-driver | action=edit | files=4
2025-04-23 08:55:00 | WARN | repo=arquillian-phantom-driver | action=edit | files=4
2025-10-02 21:39:00 | INFO | repo=arquillian-phantom-driver | action=pull
2025-06-15 08:30:00 | WARN | repo=arquillian-phantom-driver | action=edit | files=2
2025-10-04 21:26:00 | INFO | repo=arquillian-phantom-driver | action=commit
2025-04-25 13:42:00 | INFO | repo=arquillian-phantom-driver | action=pull
2025-03-10 12:16:00 | WARN | repo=arquillian-phantom-driver | action=pull
2025-06-20 14:09:00 | WARN | repo=arquillian-phantom-driver | action=commit
2025-03-24 13:22:00 | WARN | repo=arquillian-phantom-driver | action=commit
2025-04-21 16:21:00 | INFO | repo=arquillian-phantom-driver | action=commit
2025-02-21 18:49:00 | WARN | repo=arquillian-phantom-driver | action=edit | files=4
2025-10-15 07:11:00 | DEBUG | repo=arquillian-phantom-driver | action=commit
2025-01-03 20:45:00 | DEBUG | repo=arquillian-phantom-driver | action=commit
2025-08-10 15:38:00 | DEBUG | repo=arquillian-phantom-driver | action=test | passed=true
2025-04-09 14:04:00 | WARN | repo=arquillian-phantom-driver | action=commit
2025-10-17 07:39:00 | DEBUG | repo=arquillian-phantom-driver | action=pull
2025-07-27 12:17:00 | DEBUG | repo=arquillian-phantom-driver | action=commit
2025-12-18 08:00:00 | WARN | repo=arquillian-phantom-driver | action=edit | files=4
2025-06-21 12:05:00 | WARN | repo=arquillian-phantom-driver | action=commit
2025-10-25 08:26:00 | WARN | repo=arquillian-phantom-driver | action=commit
2025-04-02 21:37:00 | INFO | repo=arquillian-phantom-driver | action=commit
2025-10-05 18:05:00 | WARN | repo=arquillian-phantom-driver | action=pull
2025-08-18 08:38:00 | WARN | repo=arquillian-phantom-driver | action=commit
2025-04-18 20:48:00 | DEBUG | repo=arquillian-phantom-driver | action=commit
2025-11-10 20:54:00 | INFO | repo=arquillian-phantom-driver | action=commit
2025-08-14 15:20:00 | WARN | repo=arquillian-phantom-driver | action=commit
2025-09-05 21:26:00 | INFO | repo=arquillian-phantom-driver | action=pull
2025-05-27 20:25:00 | WARN | repo=arquillian-phantom-driver | action=commit
2025-05-08 17:08:00 | WARN | repo=arquillian-phantom-driver | action=edit | files=4
2025-04-15 14:17:00 | WARN | repo=arquillian-phantom-driver | action=commit
2025-07-24 07:53:00 | INFO | repo=arquillian-phantom-driver | action=commit
2025-12-01 19:01:00 | INFO | repo=arquillian-phantom-driver | action=edit | files=1
2025-12-27 13:44:00 | INFO | repo=arquillian-phantom-driver | action=commit
2025-04-19 14:10:00 | INFO | repo=arquillian-phantom-driver | action=commit
2025-12-14 13:39:00 | WARN | repo=arquillian-phantom-driver | action=commit
2025-07-15 19:47:00 | INFO | repo=arquillian-phantom-driver | action=pull
2025-09-02 07:46:00 | DEBUG | repo=arquillian-phantom-driver | action=commit
2025-10-02 15:42:00 | DEBUG | repo=arquillian-phantom-driver | action=edit | files=5
2025-04-14 07:16:00 | DEBUG | repo=arquillian-phantom-driver | action=commit
2025-05-24 07:27:00 | DEBUG | repo=arquillian-phantom-driver | action=commit
2025-03-25 20:52:00 | WARN | repo=arquillian-phantom-driver | action=commit
2025-09-05 15:58:00 | INFO | repo=arquillian-phantom-driver | action=pull
2025-05-17 07:31:00 | DEBUG | repo=arquillian-phantom-driver | action=edit | files=2
2025-11-17 11:41:00 | WARN | repo=arquillian-phantom-driver | action=test | passed=true
2025-08-20 19:18:00 | INFO | repo=arquillian-phantom-driver | action=edit | files=4
2025-05-11 16:00:00 | DEBUG | repo=arquillian-phantom-driver | action=pull
2025-07-17 16:52:00 | INFO | repo=arquillian-phantom-driver | action=commit
2025-04-26 07:55:00 | DEBUG | repo=arquillian-phantom-driver | action=commit
2025-06-20 19:11:00 | DEBUG | repo=arquillian-phantom-driver | action=commit
2025-06-06 08:20:00 | DEBUG | repo=arquillian-phantom-driver | action=commit
2025-04-21 10:41:00 | DEBUG | repo=arquillian-phantom-driver | action=edit | files=5
2025-02-10 08:43:00 | DEBUG | repo=arquillian-phantom-driver | action=commit
2025-06-18 10:41:00 | DEBUG | repo=arquillian-phantom-driver | action=commit
2025-03-26 16:06:00 | DEBUG | repo=arquillian-phantom-driver | action=commit
2025-08-19 11:49:00 | DEBUG | repo=arquillian-phantom-driver | action=commit
2025-04-02 17:29:00 | WARN | repo=arquillian-phantom-driver | action=commit
2025-06-16 15:43:00 | WARN | repo=arquillian-phantom-driver | action=commit
2025-03-19 21:20:00 | WARN | repo=arquillian-phantom-driver | action=commit
2025-04-15 07:23:00 | DEBUG | repo=arquillian-phantom-driver | action=commit
2025-08-28 07:20:00 | DEBUG | repo=arquillian-phantom-driver | action=commit
2025-02-21 08:11:00 | DEBUG | repo=arquillian-phantom-driver | action=test | passed=true
2025-06-11 18:21:00 | INFO | repo=arquillian-phantom-driver | action=commit
2025-10-13 15:12:00 | DEBUG | repo=arquillian-phantom-driver | action=commit
2025-04-02 11:55:00 | INFO | repo=arquillian-phantom-driver | action=commit
2025-03-13 14:19:00 | INFO | repo=arquillian-phantom-driver | action=test | passed=true
2025-02-06 11:25:00 | WARN | repo=arquillian-phantom-driver | action=pull
2025-06-28 09:15:00 | INFO | repo=arquillian-phantom-driver | action=commit
2025-08-21 15:43:00 | WARN | repo=arquillian-phantom-driver | action=commit
